<?xml version="1.0" encoding="UTF-8"?>
<TestRun id="8dfa5b0a-6174-441d-8668-64154bfbf78e" name="dhammmie@DHAMMMIE-PC 2012-04-18 05:42:36" runUser="DHAMMMIE-PC\dhammmie" xmlns="http://microsoft.com/schemas/VisualStudio/TeamTest/2010">
  <TestSettings name="Local" id="6c3cd39d-bb03-4696-86f9-e133fe9b21db">
    <Description>These are default test settings for a local test run.</Description>
    <Deployment enabled="false" runDeploymentRoot="dhammmie_DHAMMMIE-PC 2012-04-18 05_42_36">
      <DeploymentItem filename="c:\Users\dhammmie\Documents\DIS Coursework\CosmeticsLibrary\CosmeticsLibrary\bin\Debug\CosmeticsLibrary.dll" />
    </Deployment>
    <Execution>
      <TestTypeSpecific />
      <AgentRule name="Execution Agents">
      </AgentRule>
    </Execution>
  </TestSettings>
  <Times creation="2012-04-18T05:42:36.3481629+07:00" queuing="2012-04-18T05:42:44.7526436+07:00" start="2012-04-18T05:42:45.0746620+07:00" finish="2012-04-18T05:42:49.0838913+07:00" />
  <ResultSummary outcome="Failed">
    <Counters total="1" executed="1" error="0" failed="1" timeout="0" aborted="0" inconclusive="0" passedButRunAborted="0" notRunnable="0" notExecuted="0" disconnected="0" warning="0" passed="0" completed="0" inProgress="0" pending="0" />
  </ResultSummary>
  <TestDefinitions>
    <UnitTest name="GetCustomerTest1" storage="c:\users\dhammmie\documents\dis coursework\cosmeticslibrary\testgetlistoforder\bin\debug\testgetlistoforder.dll" id="9707501e-a175-2eae-7962-a46c6c43aca4">
      <Execution id="7390701c-e5f9-4efb-886d-8464cfaf4a75" />
      <TestMethod codeBase="c:/Users/dhammmie/Documents/DIS Coursework/CosmeticsLibrary/TestGetListofOrder/bin/Debug/TestGetListofOrder.DLL" adapterTypeName="Microsoft.VisualStudio.TestTools.TestTypes.Unit.UnitTestAdapter, Microsoft.VisualStudio.QualityTools.Tips.UnitTest.Adapter, Version=10.0.0.0, Culture=neutral, PublicKeyToken=b03f5f7f11d50a3a" className="TestGetListofOrder.SaleStaffDAOTest, TestGetListofOrder, Version=1.0.0.0, Culture=neutral, PublicKeyToken=null" name="GetCustomerTest1" />
    </UnitTest>
  </TestDefinitions>
  <TestLists>
    <TestList name="Results Not in a List" id="8c84fa94-04c1-424b-9868-57a2d4851a1d" />
    <TestList name="All Loaded Results" id="19431567-8539-422a-85d7-44ee4e166bda" />
  </TestLists>
  <TestEntries>
    <TestEntry testId="9707501e-a175-2eae-7962-a46c6c43aca4" executionId="7390701c-e5f9-4efb-886d-8464cfaf4a75" testListId="8c84fa94-04c1-424b-9868-57a2d4851a1d" />
  </TestEntries>
  <Results>
    <UnitTestResult executionId="7390701c-e5f9-4efb-886d-8464cfaf4a75" testId="9707501e-a175-2eae-7962-a46c6c43aca4" testName="GetCustomerTest1" computerName="DHAMMMIE-PC" duration="00:00:02.1931859" startTime="2012-04-18T05:42:45.2816738+07:00" endTime="2012-04-18T05:42:48.8708791+07:00" testType="13cdc9d9-ddb5-4fa4-a97d-d965ccfc6d4b" outcome="Failed" testListId="8c84fa94-04c1-424b-9868-57a2d4851a1d" relativeResultsDirectory="7390701c-e5f9-4efb-886d-8464cfaf4a75">
      <Output>
        <ErrorInfo>
          <Message>Assert.AreEqual failed. Expected:&lt;Dammy Benson (System.String)&gt;. Actual:&lt;CosmeticsLibrary.BO.Customer (CosmeticsLibrary.BO.Customer)&gt;. </Message>
          <StackTrace>   at TestGetListofOrder.SaleStaffDAOTest.GetCustomerTest1() in c:\Users\dhammmie\Documents\DIS Coursework\CosmeticsLibrary\TestGetListofOrder\SaleStaffDAOTest.cs:line 148
</StackTrace>
        </ErrorInfo>
      </Output>
    </UnitTestResult>
  </Results>
</TestRun>