<?xml version="1.0" encoding="UTF-8"?>
<TestRun id="144334a4-b5bb-4fce-b3e5-27a2f54c8090" name="dhammmie@DHAMMMIE-PC 2012-04-18 18:25:37" runUser="DHAMMMIE-PC\dhammmie" xmlns="http://microsoft.com/schemas/VisualStudio/TeamTest/2010">
  <TestSettings name="Local" id="6c3cd39d-bb03-4696-86f9-e133fe9b21db">
    <Description>These are default test settings for a local test run.</Description>
    <Deployment enabled="false" runDeploymentRoot="dhammmie_DHAMMMIE-PC 2012-04-18 18_25_37">
      <DeploymentItem filename="c:\Users\dhammmie\Documents\DIS Coursework\CosmeticsLibrary\CosmeticsLibrary\bin\Debug\CosmeticsLibrary.dll" />
    </Deployment>
    <Execution>
      <TestTypeSpecific />
      <AgentRule name="Execution Agents">
      </AgentRule>
    </Execution>
  </TestSettings>
  <Times creation="2012-04-18T18:25:37.5705269+07:00" queuing="2012-04-18T18:26:01.9009186+07:00" start="2012-04-18T18:26:02.4429496+07:00" finish="2012-04-18T18:26:05.4701227+07:00" />
  <ResultSummary outcome="Completed">
    <Counters total="1" executed="1" passed="1" error="0" failed="0" timeout="0" aborted="0" inconclusive="0" passedButRunAborted="0" notRunnable="0" notExecuted="0" disconnected="0" warning="0" completed="0" inProgress="0" pending="0" />
  </ResultSummary>
  <TestDefinitions>
    <UnitTest name="CreateLocalCustomerTest1" storage="c:\users\dhammmie\documents\dis coursework\cosmeticslibrary\testgetlistoforder\bin\debug\testgetlistoforder.dll" id="c25c7ff5-6936-0b48-d117-1856be5187a1">
      <Execution id="89dabf74-9727-488e-8639-5f515b2ff3a6" />
      <TestMethod codeBase="c:/Users/dhammmie/Documents/DIS Coursework/CosmeticsLibrary/TestGetListofOrder/bin/Debug/TestGetListofOrder.DLL" adapterTypeName="Microsoft.VisualStudio.TestTools.TestTypes.Unit.UnitTestAdapter, Microsoft.VisualStudio.QualityTools.Tips.UnitTest.Adapter, Version=10.0.0.0, Culture=neutral, PublicKeyToken=b03f5f7f11d50a3a" className="TestGetListofOrder.SaleStaffDAOTest, TestGetListofOrder, Version=1.0.0.0, Culture=neutral, PublicKeyToken=null" name="CreateLocalCustomerTest1" />
    </UnitTest>
  </TestDefinitions>
  <TestLists>
    <TestList name="Results Not in a List" id="8c84fa94-04c1-424b-9868-57a2d4851a1d" />
    <TestList name="All Loaded Results" id="19431567-8539-422a-85d7-44ee4e166bda" />
  </TestLists>
  <TestEntries>
    <TestEntry testId="c25c7ff5-6936-0b48-d117-1856be5187a1" executionId="89dabf74-9727-488e-8639-5f515b2ff3a6" testListId="8c84fa94-04c1-424b-9868-57a2d4851a1d" />
  </TestEntries>
  <Results>
    <UnitTestResult executionId="89dabf74-9727-488e-8639-5f515b2ff3a6" testId="c25c7ff5-6936-0b48-d117-1856be5187a1" testName="CreateLocalCustomerTest1" computerName="DHAMMMIE-PC" duration="00:00:00.6822356" startTime="2012-04-18T18:26:02.5919581+07:00" endTime="2012-04-18T18:26:03.9060332+07:00" testType="13cdc9d9-ddb5-4fa4-a97d-d965ccfc6d4b" outcome="Passed" testListId="8c84fa94-04c1-424b-9868-57a2d4851a1d" relativeResultsDirectory="89dabf74-9727-488e-8639-5f515b2ff3a6">
    </UnitTestResult>
  </Results>
</TestRun>