<?xml version="1.0" encoding="UTF-8"?>
<TestRun id="7d9b9b57-849c-411d-8d59-0d24b606354c" name="dhammmie@DHAMMMIE-PC 2012-04-17 05:42:05" runUser="DHAMMMIE-PC\dhammmie" xmlns="http://microsoft.com/schemas/VisualStudio/TeamTest/2010">
  <TestSettings name="Local" id="6c3cd39d-bb03-4696-86f9-e133fe9b21db">
    <Description>These are default test settings for a local test run.</Description>
    <Deployment enabled="false" runDeploymentRoot="dhammmie_DHAMMMIE-PC 2012-04-17 05_42_05">
      <DeploymentItem filename="C:\Users\dhammmie\Documents\DIS Coursework\CosmeticsLibrary\CosmeticsLibrary\bin\Debug\CosmeticsLibrary.dll" />
    </Deployment>
    <Execution>
      <TestTypeSpecific />
      <AgentRule name="Execution Agents">
      </AgentRule>
    </Execution>
  </TestSettings>
  <Times creation="2012-04-17T05:42:05.1622014+07:00" queuing="2012-04-17T05:42:08.0203649+07:00" start="2012-04-17T05:42:08.2183762+07:00" finish="2012-04-17T05:42:11.9845916+07:00" />
  <ResultSummary outcome="Inconclusive">
    <Counters total="1" executed="1" error="0" failed="0" timeout="0" aborted="0" inconclusive="1" passedButRunAborted="0" notRunnable="0" notExecuted="0" disconnected="0" warning="0" passed="0" completed="0" inProgress="0" pending="0" />
  </ResultSummary>
  <TestDefinitions>
    <UnitTest name="CreateLocalOrderTest1" storage="c:\users\dhammmie\documents\dis coursework\cosmeticslibrary\testgetlistoforder\bin\debug\testgetlistoforder.dll" id="568dbc47-0d9c-1400-2271-bceeb3d3583b">
      <Execution id="d2a78485-c325-4b58-9813-fbdf181af99d" />
      <TestMethod codeBase="C:/Users/dhammmie/Documents/DIS Coursework/CosmeticsLibrary/TestGetListofOrder/bin/Debug/TestGetListofOrder.DLL" adapterTypeName="Microsoft.VisualStudio.TestTools.TestTypes.Unit.UnitTestAdapter, Microsoft.VisualStudio.QualityTools.Tips.UnitTest.Adapter, Version=10.0.0.0, Culture=neutral, PublicKeyToken=b03f5f7f11d50a3a" className="TestGetListofOrder.SaleStaffDAOTest, TestGetListofOrder, Version=1.0.0.0, Culture=neutral, PublicKeyToken=null" name="CreateLocalOrderTest1" />
    </UnitTest>
  </TestDefinitions>
  <TestLists>
    <TestList name="Results Not in a List" id="8c84fa94-04c1-424b-9868-57a2d4851a1d" />
    <TestList name="All Loaded Results" id="19431567-8539-422a-85d7-44ee4e166bda" />
  </TestLists>
  <TestEntries>
    <TestEntry testId="568dbc47-0d9c-1400-2271-bceeb3d3583b" executionId="d2a78485-c325-4b58-9813-fbdf181af99d" testListId="8c84fa94-04c1-424b-9868-57a2d4851a1d" />
  </TestEntries>
  <Results>
    <UnitTestResult executionId="d2a78485-c325-4b58-9813-fbdf181af99d" testId="568dbc47-0d9c-1400-2271-bceeb3d3583b" testName="CreateLocalOrderTest1" computerName="DHAMMMIE-PC" duration="00:00:01.2986045" startTime="2012-04-17T05:42:08.2723793+07:00" endTime="2012-04-17T05:42:10.4315028+07:00" testType="13cdc9d9-ddb5-4fa4-a97d-d965ccfc6d4b" outcome="Inconclusive" testListId="8c84fa94-04c1-424b-9868-57a2d4851a1d" relativeResultsDirectory="d2a78485-c325-4b58-9813-fbdf181af99d">
      <Output>
        <ErrorInfo>
          <Message>Assert.Inconclusive failed. A method that does not return a value cannot be verified.</Message>
          <StackTrace>   at TestGetListofOrder.SaleStaffDAOTest.CreateLocalOrderTest1() in C:\Users\dhammmie\Documents\DIS Coursework\CosmeticsLibrary\TestGetListofOrder\SaleStaffDAOTest.cs:line 120
</StackTrace>
        </ErrorInfo>
      </Output>
    </UnitTestResult>
  </Results>
</TestRun>